#-----------------------------------------------------------
# Webtalk v2019.1 (64-bit)
# SW Build 2552052 on Fri May 24 14:49:42 MDT 2019
# 
# Start of session at: Tue Sep 10 10:23:04 2024
# Process ID: 16004
# Current directory: E:/1275/1275/webtalk
# Command line: wbtcv.exe -mode batch -source sdk_webtalk.tcl
# Log file: E:/1275/1275/webtalk/webtalk.log
# Journal file: E:/1275/1275/webtalk\webtalk.jou
#-----------------------------------------------------------
source sdk_webtalk.tcl
# webtalk_init -webtalk_dir E:\\1275\\1275\\webtalk
# webtalk_register_client -client project
# webtalk_add_data -client project -key date_generated -value "2024-09-10 10:23:03" -context "software_version_and_target_device"
# webtalk_add_data -client project -key product_version -value "SDK v2019.1" -context "software_version_and_target_device"
# webtalk_add_data -client project -key build_version -value "2019.1" -context "software_version_and_target_device"
# webtalk_add_data -client project -key os_platform -value "amd64" -context "software_version_and_target_device"
# webtalk_add_data -client project -key registration_id -value "" -context "software_version_and_target_device"
# webtalk_add_data -client project -key tool_flow -value "SDK" -context "software_version_and_target_device"
# webtalk_add_data -client project -key beta -value "false" -context "software_version_and_target_device"
# webtalk_add_data -client project -key route_design -value "NA" -context "software_version_and_target_device"
# webtalk_add_data -client project -key target_family -value "NA" -context "software_version_and_target_device"
# webtalk_add_data -client project -key target_device -value "NA" -context "software_version_and_target_device"
# webtalk_add_data -client project -key target_package -value "NA" -context "software_version_and_target_device"
# webtalk_add_data -client project -key target_speed -value "NA" -context "software_version_and_target_device"
# webtalk_add_data -client project -key random_id -value "6t2c6q9qng5ccfbabh1id66snc" -context "software_version_and_target_device"
# webtalk_add_data -client project -key project_id -value "2019.1_59" -context "software_version_and_target_device"
# webtalk_add_data -client project -key project_iteration -value "59" -context "software_version_and_target_device"
# webtalk_add_data -client project -key os_name -value "Microsoft Windows 8 or later , 64-bit" -context "user_environment"
# webtalk_add_data -client project -key os_release -value "major release  (build 9200)" -context "user_environment"
# webtalk_add_data -client project -key cpu_name -value "12th Gen Intel(R) Core(TM) i7-12700H" -context "user_environment"
# webtalk_add_data -client project -key cpu_speed -value "2688 MHz" -context "user_environment"
# webtalk_add_data -client project -key total_processors -value "1" -context "user_environment"
# webtalk_add_data -client project -key system_ram -value "34.009 GB" -context "user_environment"
# webtalk_register_client -client sdk
# webtalk_add_data -client sdk -key uid -value "1725934652917" -context "sdk\\\\hardware/1725934652917"
# webtalk_add_data -client sdk -key isZynq -value "false" -context "sdk\\\\hardware/1725934652917"
# webtalk_add_data -client sdk -key isZynqMP -value "false" -context "sdk\\\\hardware/1725934652917"
# webtalk_add_data -client sdk -key Processors -value "1" -context "sdk\\\\hardware/1725934652917"
# webtalk_add_data -client sdk -key VivadoVersion -value "2019.1" -context "sdk\\\\hardware/1725934652917"
# webtalk_add_data -client sdk -key Arch -value "kintexu" -context "sdk\\\\hardware/1725934652917"
# webtalk_add_data -client sdk -key Device -value "xcku115" -context "sdk\\\\hardware/1725934652917"
# webtalk_add_data -client sdk -key IsHandoff -value "true" -context "sdk\\\\hardware/1725934652917"
# webtalk_add_data -client sdk -key os -value "NA" -context "sdk\\\\hardware/1725934652917"
# webtalk_add_data -client sdk -key apptemplate -value "NA" -context "sdk\\\\hardware/1725934652917"
# webtalk_add_data -client sdk -key RecordType -value "HWCreation" -context "sdk\\\\hardware/1725934652917"
# webtalk_add_data -client sdk -key uid -value "1725934657339" -context "sdk\\\\bsp/1725934657339"
# webtalk_add_data -client sdk -key hwid -value "1725934652917" -context "sdk\\\\bsp/1725934657339"
# webtalk_add_data -client sdk -key os -value "standalone" -context "sdk\\\\bsp/1725934657339"
# webtalk_add_data -client sdk -key apptemplate -value "hello_world" -context "sdk\\\\bsp/1725934657339"
# webtalk_add_data -client sdk -key RecordType -value "BSPCreation" -context "sdk\\\\bsp/1725934657339"
# webtalk_add_data -client sdk -key uid -value "1725934658378" -context "sdk\\\\application/1725934658378"
# webtalk_add_data -client sdk -key hwid -value "1725934652917" -context "sdk\\\\application/1725934658378"
# webtalk_add_data -client sdk -key bspid -value "1725934657339" -context "sdk\\\\application/1725934658378"
# webtalk_add_data -client sdk -key newbsp -value "true" -context "sdk\\\\application/1725934658378"
# webtalk_add_data -client sdk -key os -value "standalone" -context "sdk\\\\application/1725934658378"
# webtalk_add_data -client sdk -key apptemplate -value "hello_world" -context "sdk\\\\application/1725934658378"
# webtalk_add_data -client sdk -key RecordType -value "APPCreation" -context "sdk\\\\application/1725934658378"
# webtalk_add_data -client sdk -key LangUsed -value "C" -context "sdk\\\\application/1725934658378"
# webtalk_add_data -client sdk -key Procused -value "microblaze" -context "sdk\\\\application/1725934658378"
# webtalk_add_data -client sdk -key projSize -value "902.57421875" -context "sdk\\\\application/1725934658378"
# webtalk_add_data -client sdk -key uid -value "NA" -context "sdk\\\\bsp/1725934983776"
# webtalk_add_data -client sdk -key RecordType -value "ToolUsage" -context "sdk\\\\bsp/1725934983776"
# webtalk_add_data -client sdk -key BootgenCount -value "0" -context "sdk\\\\bsp/1725934983776"
# webtalk_add_data -client sdk -key DebugCount -value "0" -context "sdk\\\\bsp/1725934983776"
# webtalk_add_data -client sdk -key PerfCount -value "0" -context "sdk\\\\bsp/1725934983776"
# webtalk_add_data -client sdk -key FlashCount -value "0" -context "sdk\\\\bsp/1725934983776"
# webtalk_add_data -client sdk -key CrossTriggCount -value "0" -context "sdk\\\\bsp/1725934983776"
# webtalk_add_data -client sdk -key QemuDebugCount -value "0" -context "sdk\\\\bsp/1725934983776"
# webtalk_transmit -clientid 2020571540 -regid "" -xml E:\\1275\\1275\\webtalk\\usage_statistics_ext_sdk.xml -html E:\\1275\\1275\\webtalk\\usage_statistics_ext_sdk.html -wdm E:\\1275\\1275\\webtalk\\sdk_webtalk.wdm -intro "<H3>SDK Usage Report</H3><BR>"
# webtalk_terminate
INFO: [Common 17-206] Exiting Webtalk at Tue Sep 10 10:23:06 2024...
